{"level":"info","message":"[04:02:32]데이터베이스 연결 성공"}
{"level":"info","message":"[04:02:34]데이터베이스 연결 성공"}
{"level":"info","message":"[04:02:38]데이터베이스 연결 성공"}
{"level":"info","message":"[04:02:42]데이터베이스 연결 성공"}
{"level":"info","message":"[04:02:48]데이터베이스 연결 성공"}
{"level":"info","message":"[04:02:54]데이터베이스 연결 성공"}
{"level":"info","message":"[04:03:00]데이터베이스 연결 성공"}
{"level":"info","message":"[04:07:58]데이터베이스 연결 성공"}
{"level":"error","message":"[04:08:19]GET /board/list/ddd은 없는 페이지 입니다."}
{"level":"error","message":"[04:08:19]Error: GET /board/list/ddd은 없는 페이지 입니다.\n    at C:\\Users\\USER\\Desktop\\home\\port2\\port\\app.js:100:16\n    at Layer.handle [as handle_request] (C:\\Users\\USER\\Desktop\\home\\port2\\port\\node_modules\\express\\lib\\router\\layer.js:95:5)\n    at trim_prefix (C:\\Users\\USER\\Desktop\\home\\port2\\port\\node_modules\\express\\lib\\router\\index.js:317:13)\n    at C:\\Users\\USER\\Desktop\\home\\port2\\port\\node_modules\\express\\lib\\router\\index.js:284:7\n    at Function.process_params (C:\\Users\\USER\\Desktop\\home\\port2\\port\\node_modules\\express\\lib\\router\\index.js:335:12)\n    at next (C:\\Users\\USER\\Desktop\\home\\port2\\port\\node_modules\\express\\lib\\router\\index.js:275:10)\n    at C:\\Users\\USER\\Desktop\\home\\port2\\port\\node_modules\\express\\lib\\router\\index.js:635:15\n    at next (C:\\Users\\USER\\Desktop\\home\\port2\\port\\node_modules\\express\\lib\\router\\index.js:260:14)\n    at Function.handle (C:\\Users\\USER\\Desktop\\home\\port2\\port\\node_modules\\express\\lib\\router\\index.js:174:3)\n    at router (C:\\Users\\USER\\Desktop\\home\\port2\\port\\node_modules\\express\\lib\\router\\index.js:47:12)"}
{"level":"info","message":"[04:08:39]데이터베이스 연결 성공"}
{"level":"info","message":"[20:49:44]데이터베이스 연결 성공"}
{"level":"info","message":"[21:15:15]데이터베이스 연결 성공"}
{"level":"info","message":"[21:20:59]데이터베이스 연결 성공"}
{"level":"info","message":"[21:21:31]데이터베이스 연결 성공"}
{"level":"info","message":"[21:29:35]데이터베이스 연결 성공"}
{"level":"error","message":"[21:29:54]GET /board/list/ddd은 없는 페이지 입니다."}
{"level":"error","message":"[21:29:54]Error: GET /board/list/ddd은 없는 페이지 입니다.\n    at C:\\Users\\USER\\Desktop\\home\\port2\\port\\app.js:100:16\n    at Layer.handle [as handle_request] (C:\\Users\\USER\\Desktop\\home\\port2\\port\\node_modules\\express\\lib\\router\\layer.js:95:5)\n    at trim_prefix (C:\\Users\\USER\\Desktop\\home\\port2\\port\\node_modules\\express\\lib\\router\\index.js:317:13)\n    at C:\\Users\\USER\\Desktop\\home\\port2\\port\\node_modules\\express\\lib\\router\\index.js:284:7\n    at Function.process_params (C:\\Users\\USER\\Desktop\\home\\port2\\port\\node_modules\\express\\lib\\router\\index.js:335:12)\n    at next (C:\\Users\\USER\\Desktop\\home\\port2\\port\\node_modules\\express\\lib\\router\\index.js:275:10)\n    at C:\\Users\\USER\\Desktop\\home\\port2\\port\\node_modules\\express\\lib\\router\\index.js:635:15\n    at next (C:\\Users\\USER\\Desktop\\home\\port2\\port\\node_modules\\express\\lib\\router\\index.js:260:14)\n    at Function.handle (C:\\Users\\USER\\Desktop\\home\\port2\\port\\node_modules\\express\\lib\\router\\index.js:174:3)\n    at router (C:\\Users\\USER\\Desktop\\home\\port2\\port\\node_modules\\express\\lib\\router\\index.js:47:12)"}
{"level":"error","message":"[21:30:01]Error: GET /css/board.css은 없는 페이지 입니다.\n    at C:\\Users\\USER\\Desktop\\home\\port2\\port\\app.js:100:16\n    at Layer.handle [as handle_request] (C:\\Users\\USER\\Desktop\\home\\port2\\port\\node_modules\\express\\lib\\router\\layer.js:95:5)\n    at trim_prefix (C:\\Users\\USER\\Desktop\\home\\port2\\port\\node_modules\\express\\lib\\router\\index.js:317:13)\n    at C:\\Users\\USER\\Desktop\\home\\port2\\port\\node_modules\\express\\lib\\router\\index.js:284:7\n    at Function.process_params (C:\\Users\\USER\\Desktop\\home\\port2\\port\\node_modules\\express\\lib\\router\\index.js:335:12)\n    at next (C:\\Users\\USER\\Desktop\\home\\port2\\port\\node_modules\\express\\lib\\router\\index.js:275:10)\n    at C:\\Users\\USER\\Desktop\\home\\port2\\port\\node_modules\\express\\lib\\router\\index.js:635:15\n    at next (C:\\Users\\USER\\Desktop\\home\\port2\\port\\node_modules\\express\\lib\\router\\index.js:260:14)\n    at Function.handle (C:\\Users\\USER\\Desktop\\home\\port2\\port\\node_modules\\express\\lib\\router\\index.js:174:3)\n    at router (C:\\Users\\USER\\Desktop\\home\\port2\\port\\node_modules\\express\\lib\\router\\index.js:47:12)"}
{"level":"error","message":"[21:30:01]GET /css/board.css은 없는 페이지 입니다."}
{"level":"error","message":"[21:30:01]GET /js/board.js은 없는 페이지 입니다."}
{"level":"error","message":"[21:30:01]Error: GET /js/board.js은 없는 페이지 입니다.\n    at C:\\Users\\USER\\Desktop\\home\\port2\\port\\app.js:100:16\n    at Layer.handle [as handle_request] (C:\\Users\\USER\\Desktop\\home\\port2\\port\\node_modules\\express\\lib\\router\\layer.js:95:5)\n    at trim_prefix (C:\\Users\\USER\\Desktop\\home\\port2\\port\\node_modules\\express\\lib\\router\\index.js:317:13)\n    at C:\\Users\\USER\\Desktop\\home\\port2\\port\\node_modules\\express\\lib\\router\\index.js:284:7\n    at Function.process_params (C:\\Users\\USER\\Desktop\\home\\port2\\port\\node_modules\\express\\lib\\router\\index.js:335:12)\n    at next (C:\\Users\\USER\\Desktop\\home\\port2\\port\\node_modules\\express\\lib\\router\\index.js:275:10)\n    at C:\\Users\\USER\\Desktop\\home\\port2\\port\\node_modules\\express\\lib\\router\\index.js:635:15\n    at next (C:\\Users\\USER\\Desktop\\home\\port2\\port\\node_modules\\express\\lib\\router\\index.js:260:14)\n    at Function.handle (C:\\Users\\USER\\Desktop\\home\\port2\\port\\node_modules\\express\\lib\\router\\index.js:174:3)\n    at router (C:\\Users\\USER\\Desktop\\home\\port2\\port\\node_modules\\express\\lib\\router\\index.js:47:12)"}
{"level":"error","message":"[21:30:07]GET /css/board.css은 없는 페이지 입니다."}
{"level":"error","message":"[21:30:07]Error: GET /css/board.css은 없는 페이지 입니다.\n    at C:\\Users\\USER\\Desktop\\home\\port2\\port\\app.js:100:16\n    at Layer.handle [as handle_request] (C:\\Users\\USER\\Desktop\\home\\port2\\port\\node_modules\\express\\lib\\router\\layer.js:95:5)\n    at trim_prefix (C:\\Users\\USER\\Desktop\\home\\port2\\port\\node_modules\\express\\lib\\router\\index.js:317:13)\n    at C:\\Users\\USER\\Desktop\\home\\port2\\port\\node_modules\\express\\lib\\router\\index.js:284:7\n    at Function.process_params (C:\\Users\\USER\\Desktop\\home\\port2\\port\\node_modules\\express\\lib\\router\\index.js:335:12)\n    at next (C:\\Users\\USER\\Desktop\\home\\port2\\port\\node_modules\\express\\lib\\router\\index.js:275:10)\n    at C:\\Users\\USER\\Desktop\\home\\port2\\port\\node_modules\\express\\lib\\router\\index.js:635:15\n    at next (C:\\Users\\USER\\Desktop\\home\\port2\\port\\node_modules\\express\\lib\\router\\index.js:260:14)\n    at Function.handle (C:\\Users\\USER\\Desktop\\home\\port2\\port\\node_modules\\express\\lib\\router\\index.js:174:3)\n    at router (C:\\Users\\USER\\Desktop\\home\\port2\\port\\node_modules\\express\\lib\\router\\index.js:47:12)"}
{"level":"info","message":"[21:30:46]데이터베이스 연결 성공"}
{"level":"info","message":"[21:31:36]데이터베이스 연결 성공"}
{"level":"info","message":"[21:32:01]데이터베이스 연결 성공"}
{"level":"info","message":"[21:32:32]데이터베이스 연결 성공"}
{"level":"info","message":"[21:34:55]데이터베이스 연결 성공"}
{"level":"info","message":"[21:34:59]데이터베이스 연결 성공"}
{"level":"info","message":"[21:35:17]데이터베이스 연결 성공"}
{"level":"info","message":"[21:35:36]데이터베이스 연결 성공"}
{"level":"info","message":"[21:35:40]데이터베이스 연결 성공"}
{"level":"info","message":"[21:36:11]데이터베이스 연결 성공"}
{"level":"info","message":"[21:37:10]데이터베이스 연결 성공"}
{"level":"info","message":"[21:37:57]데이터베이스 연결 성공"}
{"level":"info","message":"[21:38:09]데이터베이스 연결 성공"}
{"level":"info","message":"[21:38:51]데이터베이스 연결 성공"}
{"level":"info","message":"[21:38:57]데이터베이스 연결 성공"}
{"level":"error","message":"[21:40:56]GET /board/list/ddd은 없는 페이지 입니다."}
{"level":"error","message":"[21:40:56]Error: GET /board/list/ddd은 없는 페이지 입니다.\n    at C:\\Users\\USER\\Desktop\\home\\port2\\port\\app.js:96:16\n    at Layer.handle [as handle_request] (C:\\Users\\USER\\Desktop\\home\\port2\\port\\node_modules\\express\\lib\\router\\layer.js:95:5)\n    at trim_prefix (C:\\Users\\USER\\Desktop\\home\\port2\\port\\node_modules\\express\\lib\\router\\index.js:317:13)\n    at C:\\Users\\USER\\Desktop\\home\\port2\\port\\node_modules\\express\\lib\\router\\index.js:284:7\n    at Function.process_params (C:\\Users\\USER\\Desktop\\home\\port2\\port\\node_modules\\express\\lib\\router\\index.js:335:12)\n    at next (C:\\Users\\USER\\Desktop\\home\\port2\\port\\node_modules\\express\\lib\\router\\index.js:275:10)\n    at C:\\Users\\USER\\Desktop\\home\\port2\\port\\node_modules\\express\\lib\\router\\index.js:635:15\n    at next (C:\\Users\\USER\\Desktop\\home\\port2\\port\\node_modules\\express\\lib\\router\\index.js:260:14)\n    at Function.handle (C:\\Users\\USER\\Desktop\\home\\port2\\port\\node_modules\\express\\lib\\router\\index.js:174:3)\n    at router (C:\\Users\\USER\\Desktop\\home\\port2\\port\\node_modules\\express\\lib\\router\\index.js:47:12)"}
{"level":"info","message":"[21:45:16]데이터베이스 연결 성공"}
{"level":"error","message":"[21:45:34]Cannot read property 'config' of undefined"}
{"level":"error","message":"[21:45:34]TypeError: Cannot read property 'config' of undefined\n    at C:\\Users\\USER\\Desktop\\home\\port2\\port\\routes\\board.js:20:26\n    at Layer.handle [as handle_request] (C:\\Users\\USER\\Desktop\\home\\port2\\port\\node_modules\\express\\lib\\router\\layer.js:95:5)\n    at next (C:\\Users\\USER\\Desktop\\home\\port2\\port\\node_modules\\express\\lib\\router\\route.js:137:13)\n    at module.exports.boardConfig (C:\\Users\\USER\\Desktop\\home\\port2\\port\\middlewares\\board\\config.js:26:2)"}
{"level":"info","message":"[21:46:01]데이터베이스 연결 성공"}
{"level":"info","message":"[21:46:49]데이터베이스 연결 성공"}
{"level":"info","message":"[21:47:28]데이터베이스 연결 성공"}
{"level":"info","message":"[21:57:51]데이터베이스 연결 성공"}
{"level":"info","message":"[21:57:55]데이터베이스 연결 성공"}
{"level":"info","message":"[21:58:25]데이터베이스 연결 성공"}
{"level":"info","message":"[21:59:44]데이터베이스 연결 성공"}
{"level":"info","message":"[22:00:08]데이터베이스 연결 성공"}
{"level":"info","message":"[22:00:27]데이터베이스 연결 성공"}
{"level":"info","message":"[22:01:36]데이터베이스 연결 성공"}
{"level":"error","message":"[22:01:57]GET /board/list/ddd은 없는 페이지 입니다."}
{"level":"error","message":"[22:01:57]Error: GET /board/list/ddd은 없는 페이지 입니다.\n    at C:\\Users\\USER\\Desktop\\home\\port2\\port\\app.js:94:16\n    at Layer.handle [as handle_request] (C:\\Users\\USER\\Desktop\\home\\port2\\port\\node_modules\\express\\lib\\router\\layer.js:95:5)\n    at trim_prefix (C:\\Users\\USER\\Desktop\\home\\port2\\port\\node_modules\\express\\lib\\router\\index.js:317:13)\n    at C:\\Users\\USER\\Desktop\\home\\port2\\port\\node_modules\\express\\lib\\router\\index.js:284:7\n    at Function.process_params (C:\\Users\\USER\\Desktop\\home\\port2\\port\\node_modules\\express\\lib\\router\\index.js:335:12)\n    at next (C:\\Users\\USER\\Desktop\\home\\port2\\port\\node_modules\\express\\lib\\router\\index.js:275:10)\n    at C:\\Users\\USER\\Desktop\\home\\port2\\port\\node_modules\\express\\lib\\router\\index.js:635:15\n    at next (C:\\Users\\USER\\Desktop\\home\\port2\\port\\node_modules\\express\\lib\\router\\index.js:260:14)\n    at Function.handle (C:\\Users\\USER\\Desktop\\home\\port2\\port\\node_modules\\express\\lib\\router\\index.js:174:3)\n    at router (C:\\Users\\USER\\Desktop\\home\\port2\\port\\node_modules\\express\\lib\\router\\index.js:47:12)"}
