{"level":"info","message":"[01:38:16]데이터베이스 연결 성공"}
{"level":"info","message":"[01:38:18]데이터베이스 연결 성공"}
{"level":"info","message":"[01:39:52]데이터베이스 연결 성공"}
{"level":"info","message":"[01:39:54]데이터베이스 연결 성공"}
{"level":"info","message":"[01:40:06]데이터베이스 연결 성공"}
{"level":"info","message":"[01:40:10]데이터베이스 연결 성공"}
{"level":"info","message":"[01:40:13]데이터베이스 연결 성공"}
{"level":"info","message":"[01:40:16]데이터베이스 연결 성공"}
{"level":"info","message":"[01:40:19]데이터베이스 연결 성공"}
{"level":"info","message":"[01:41:36]데이터베이스 연결 성공"}
{"level":"info","message":"[01:41:46]데이터베이스 연결 성공"}
{"level":"info","message":"[01:41:59]데이터베이스 연결 성공"}
{"level":"info","message":"[01:42:05]데이터베이스 연결 성공"}
{"level":"info","message":"[01:42:09]데이터베이스 연결 성공"}
{"level":"info","message":"[01:42:11]데이터베이스 연결 성공"}
{"level":"info","message":"[01:42:43]데이터베이스 연결 성공"}
{"level":"info","message":"[01:43:56]데이터베이스 연결 성공"}
{"level":"info","message":"[01:43:58]데이터베이스 연결 성공"}
{"level":"info","message":"[01:44:05]데이터베이스 연결 성공"}
{"level":"info","message":"[01:44:11]데이터베이스 연결 성공"}
{"level":"info","message":"[01:44:24]데이터베이스 연결 성공"}
{"level":"info","message":"[01:44:35]데이터베이스 연결 성공"}
{"level":"info","message":"[01:44:37]데이터베이스 연결 성공"}
{"level":"info","message":"[01:44:43]데이터베이스 연결 성공"}
{"level":"info","message":"[01:44:48]데이터베이스 연결 성공"}
{"level":"info","message":"[01:45:05]데이터베이스 연결 성공"}
{"level":"info","message":"[01:45:07]데이터베이스 연결 성공"}
{"level":"info","message":"[01:45:18]데이터베이스 연결 성공"}
{"level":"info","message":"[01:45:22]데이터베이스 연결 성공"}
{"level":"info","message":"[01:45:56]데이터베이스 연결 성공"}
{"level":"info","message":"[01:45:58]데이터베이스 연결 성공"}
{"level":"info","message":"[01:46:05]데이터베이스 연결 성공"}
{"level":"info","message":"[01:46:09]데이터베이스 연결 성공"}
{"level":"info","message":"[01:46:14]데이터베이스 연결 성공"}
{"level":"info","message":"[01:50:18]데이터베이스 연결 성공"}
{"level":"info","message":"[01:50:24]데이터베이스 연결 성공"}
{"level":"info","message":"[01:50:30]데이터베이스 연결 성공"}
{"level":"error","message":"[02:00:11]GET /member/logins은 없는 페이지 입니다."}
{"level":"error","message":"[02:00:12]Error: GET /member/logins은 없는 페이지 입니다.\n    at C:\\Users\\USER\\Desktop\\port\\app.js:86:16\n    at Layer.handle [as handle_request] (C:\\Users\\USER\\Desktop\\port\\node_modules\\express\\lib\\router\\layer.js:95:5)\n    at trim_prefix (C:\\Users\\USER\\Desktop\\port\\node_modules\\express\\lib\\router\\index.js:317:13)\n    at C:\\Users\\USER\\Desktop\\port\\node_modules\\express\\lib\\router\\index.js:284:7\n    at Function.process_params (C:\\Users\\USER\\Desktop\\port\\node_modules\\express\\lib\\router\\index.js:335:12)\n    at next (C:\\Users\\USER\\Desktop\\port\\node_modules\\express\\lib\\router\\index.js:275:10)\n    at C:\\Users\\USER\\Desktop\\port\\node_modules\\express\\lib\\router\\index.js:635:15\n    at next (C:\\Users\\USER\\Desktop\\port\\node_modules\\express\\lib\\router\\index.js:260:14)\n    at Function.handle (C:\\Users\\USER\\Desktop\\port\\node_modules\\express\\lib\\router\\index.js:174:3)\n    at router (C:\\Users\\USER\\Desktop\\port\\node_modules\\express\\lib\\router\\index.js:47:12)"}
{"level":"error","message":"[02:02:36]GET /member/logins은 없는 페이지 입니다."}
{"level":"error","message":"[02:02:36]Error: GET /member/logins은 없는 페이지 입니다.\n    at C:\\Users\\USER\\Desktop\\port\\app.js:86:16\n    at Layer.handle [as handle_request] (C:\\Users\\USER\\Desktop\\port\\node_modules\\express\\lib\\router\\layer.js:95:5)\n    at trim_prefix (C:\\Users\\USER\\Desktop\\port\\node_modules\\express\\lib\\router\\index.js:317:13)\n    at C:\\Users\\USER\\Desktop\\port\\node_modules\\express\\lib\\router\\index.js:284:7\n    at Function.process_params (C:\\Users\\USER\\Desktop\\port\\node_modules\\express\\lib\\router\\index.js:335:12)\n    at next (C:\\Users\\USER\\Desktop\\port\\node_modules\\express\\lib\\router\\index.js:275:10)\n    at C:\\Users\\USER\\Desktop\\port\\node_modules\\express\\lib\\router\\index.js:635:15\n    at next (C:\\Users\\USER\\Desktop\\port\\node_modules\\express\\lib\\router\\index.js:260:14)\n    at Function.handle (C:\\Users\\USER\\Desktop\\port\\node_modules\\express\\lib\\router\\index.js:174:3)\n    at router (C:\\Users\\USER\\Desktop\\port\\node_modules\\express\\lib\\router\\index.js:47:12)"}
{"level":"error","message":"[02:02:37]GET /member/logins은 없는 페이지 입니다."}
{"level":"error","message":"[02:02:37]Error: GET /member/logins은 없는 페이지 입니다.\n    at C:\\Users\\USER\\Desktop\\port\\app.js:86:16\n    at Layer.handle [as handle_request] (C:\\Users\\USER\\Desktop\\port\\node_modules\\express\\lib\\router\\layer.js:95:5)\n    at trim_prefix (C:\\Users\\USER\\Desktop\\port\\node_modules\\express\\lib\\router\\index.js:317:13)\n    at C:\\Users\\USER\\Desktop\\port\\node_modules\\express\\lib\\router\\index.js:284:7\n    at Function.process_params (C:\\Users\\USER\\Desktop\\port\\node_modules\\express\\lib\\router\\index.js:335:12)\n    at next (C:\\Users\\USER\\Desktop\\port\\node_modules\\express\\lib\\router\\index.js:275:10)\n    at C:\\Users\\USER\\Desktop\\port\\node_modules\\express\\lib\\router\\index.js:635:15\n    at next (C:\\Users\\USER\\Desktop\\port\\node_modules\\express\\lib\\router\\index.js:260:14)\n    at Function.handle (C:\\Users\\USER\\Desktop\\port\\node_modules\\express\\lib\\router\\index.js:174:3)\n    at router (C:\\Users\\USER\\Desktop\\port\\node_modules\\express\\lib\\router\\index.js:47:12)"}
{"level":"error","message":"[02:09:10]GET /member/logins은 없는 페이지 입니다."}
{"level":"error","message":"[02:09:10]Error: GET /member/logins은 없는 페이지 입니다.\n    at C:\\Users\\USER\\Desktop\\port\\app.js:86:16\n    at Layer.handle [as handle_request] (C:\\Users\\USER\\Desktop\\port\\node_modules\\express\\lib\\router\\layer.js:95:5)\n    at trim_prefix (C:\\Users\\USER\\Desktop\\port\\node_modules\\express\\lib\\router\\index.js:317:13)\n    at C:\\Users\\USER\\Desktop\\port\\node_modules\\express\\lib\\router\\index.js:284:7\n    at Function.process_params (C:\\Users\\USER\\Desktop\\port\\node_modules\\express\\lib\\router\\index.js:335:12)\n    at next (C:\\Users\\USER\\Desktop\\port\\node_modules\\express\\lib\\router\\index.js:275:10)\n    at C:\\Users\\USER\\Desktop\\port\\node_modules\\express\\lib\\router\\index.js:635:15\n    at next (C:\\Users\\USER\\Desktop\\port\\node_modules\\express\\lib\\router\\index.js:260:14)\n    at Function.handle (C:\\Users\\USER\\Desktop\\port\\node_modules\\express\\lib\\router\\index.js:174:3)\n    at router (C:\\Users\\USER\\Desktop\\port\\node_modules\\express\\lib\\router\\index.js:47:12)"}
{"level":"error","message":"[02:09:20]Error: GET /member/css/menu.css은 없는 페이지 입니다.\n    at C:\\Users\\USER\\Desktop\\port\\app.js:86:16\n    at Layer.handle [as handle_request] (C:\\Users\\USER\\Desktop\\port\\node_modules\\express\\lib\\router\\layer.js:95:5)\n    at trim_prefix (C:\\Users\\USER\\Desktop\\port\\node_modules\\express\\lib\\router\\index.js:317:13)\n    at C:\\Users\\USER\\Desktop\\port\\node_modules\\express\\lib\\router\\index.js:284:7\n    at Function.process_params (C:\\Users\\USER\\Desktop\\port\\node_modules\\express\\lib\\router\\index.js:335:12)\n    at next (C:\\Users\\USER\\Desktop\\port\\node_modules\\express\\lib\\router\\index.js:275:10)\n    at C:\\Users\\USER\\Desktop\\port\\node_modules\\express\\lib\\router\\index.js:635:15\n    at next (C:\\Users\\USER\\Desktop\\port\\node_modules\\express\\lib\\router\\index.js:260:14)\n    at Function.handle (C:\\Users\\USER\\Desktop\\port\\node_modules\\express\\lib\\router\\index.js:174:3)\n    at router (C:\\Users\\USER\\Desktop\\port\\node_modules\\express\\lib\\router\\index.js:47:12)"}
{"level":"error","message":"[02:09:20]GET /member/css/menu.css은 없는 페이지 입니다."}
{"level":"error","message":"[02:09:20]Error: GET /member/css/menu.css은 없는 페이지 입니다.\n    at C:\\Users\\USER\\Desktop\\port\\app.js:86:16\n    at Layer.handle [as handle_request] (C:\\Users\\USER\\Desktop\\port\\node_modules\\express\\lib\\router\\layer.js:95:5)\n    at trim_prefix (C:\\Users\\USER\\Desktop\\port\\node_modules\\express\\lib\\router\\index.js:317:13)\n    at C:\\Users\\USER\\Desktop\\port\\node_modules\\express\\lib\\router\\index.js:284:7\n    at Function.process_params (C:\\Users\\USER\\Desktop\\port\\node_modules\\express\\lib\\router\\index.js:335:12)\n    at next (C:\\Users\\USER\\Desktop\\port\\node_modules\\express\\lib\\router\\index.js:275:10)\n    at C:\\Users\\USER\\Desktop\\port\\node_modules\\express\\lib\\router\\index.js:635:15\n    at next (C:\\Users\\USER\\Desktop\\port\\node_modules\\express\\lib\\router\\index.js:260:14)\n    at Function.handle (C:\\Users\\USER\\Desktop\\port\\node_modules\\express\\lib\\router\\index.js:174:3)\n    at router (C:\\Users\\USER\\Desktop\\port\\node_modules\\express\\lib\\router\\index.js:47:12)"}
{"level":"error","message":"[02:09:20]GET /member/css/menu.css은 없는 페이지 입니다."}
{"level":"error","message":"[02:09:21]Error: GET /member/css/menu.css은 없는 페이지 입니다.\n    at C:\\Users\\USER\\Desktop\\port\\app.js:86:16\n    at Layer.handle [as handle_request] (C:\\Users\\USER\\Desktop\\port\\node_modules\\express\\lib\\router\\layer.js:95:5)\n    at trim_prefix (C:\\Users\\USER\\Desktop\\port\\node_modules\\express\\lib\\router\\index.js:317:13)\n    at C:\\Users\\USER\\Desktop\\port\\node_modules\\express\\lib\\router\\index.js:284:7\n    at Function.process_params (C:\\Users\\USER\\Desktop\\port\\node_modules\\express\\lib\\router\\index.js:335:12)\n    at next (C:\\Users\\USER\\Desktop\\port\\node_modules\\express\\lib\\router\\index.js:275:10)\n    at C:\\Users\\USER\\Desktop\\port\\node_modules\\express\\lib\\router\\index.js:635:15\n    at next (C:\\Users\\USER\\Desktop\\port\\node_modules\\express\\lib\\router\\index.js:260:14)\n    at Function.handle (C:\\Users\\USER\\Desktop\\port\\node_modules\\express\\lib\\router\\index.js:174:3)\n    at router (C:\\Users\\USER\\Desktop\\port\\node_modules\\express\\lib\\router\\index.js:47:12)"}
{"level":"error","message":"[02:09:21]GET /member/css/menu.css은 없는 페이지 입니다."}
{"level":"error","message":"[02:09:21]Error: GET /member/css/menu.css은 없는 페이지 입니다.\n    at C:\\Users\\USER\\Desktop\\port\\app.js:86:16\n    at Layer.handle [as handle_request] (C:\\Users\\USER\\Desktop\\port\\node_modules\\express\\lib\\router\\layer.js:95:5)\n    at trim_prefix (C:\\Users\\USER\\Desktop\\port\\node_modules\\express\\lib\\router\\index.js:317:13)\n    at C:\\Users\\USER\\Desktop\\port\\node_modules\\express\\lib\\router\\index.js:284:7\n    at Function.process_params (C:\\Users\\USER\\Desktop\\port\\node_modules\\express\\lib\\router\\index.js:335:12)\n    at next (C:\\Users\\USER\\Desktop\\port\\node_modules\\express\\lib\\router\\index.js:275:10)\n    at C:\\Users\\USER\\Desktop\\port\\node_modules\\express\\lib\\router\\index.js:635:15\n    at next (C:\\Users\\USER\\Desktop\\port\\node_modules\\express\\lib\\router\\index.js:260:14)\n    at Function.handle (C:\\Users\\USER\\Desktop\\port\\node_modules\\express\\lib\\router\\index.js:174:3)\n    at router (C:\\Users\\USER\\Desktop\\port\\node_modules\\express\\lib\\router\\index.js:47:12)"}
{"level":"error","message":"[02:09:21]GET /member/css/menu.css은 없는 페이지 입니다."}
{"level":"error","message":"[02:09:40]GET /member/css/menu.css은 없는 페이지 입니다."}
{"level":"error","message":"[02:09:40]Error: GET /member/css/menu.css은 없는 페이지 입니다.\n    at C:\\Users\\USER\\Desktop\\port\\app.js:86:16\n    at Layer.handle [as handle_request] (C:\\Users\\USER\\Desktop\\port\\node_modules\\express\\lib\\router\\layer.js:95:5)\n    at trim_prefix (C:\\Users\\USER\\Desktop\\port\\node_modules\\express\\lib\\router\\index.js:317:13)\n    at C:\\Users\\USER\\Desktop\\port\\node_modules\\express\\lib\\router\\index.js:284:7\n    at Function.process_params (C:\\Users\\USER\\Desktop\\port\\node_modules\\express\\lib\\router\\index.js:335:12)\n    at next (C:\\Users\\USER\\Desktop\\port\\node_modules\\express\\lib\\router\\index.js:275:10)\n    at C:\\Users\\USER\\Desktop\\port\\node_modules\\express\\lib\\router\\index.js:635:15\n    at next (C:\\Users\\USER\\Desktop\\port\\node_modules\\express\\lib\\router\\index.js:260:14)\n    at Function.handle (C:\\Users\\USER\\Desktop\\port\\node_modules\\express\\lib\\router\\index.js:174:3)\n    at router (C:\\Users\\USER\\Desktop\\port\\node_modules\\express\\lib\\router\\index.js:47:12)"}
{"level":"error","message":"[02:09:40]Error: GET /member/css/menu.css은 없는 페이지 입니다.\n    at C:\\Users\\USER\\Desktop\\port\\app.js:86:16\n    at Layer.handle [as handle_request] (C:\\Users\\USER\\Desktop\\port\\node_modules\\express\\lib\\router\\layer.js:95:5)\n    at trim_prefix (C:\\Users\\USER\\Desktop\\port\\node_modules\\express\\lib\\router\\index.js:317:13)\n    at C:\\Users\\USER\\Desktop\\port\\node_modules\\express\\lib\\router\\index.js:284:7\n    at Function.process_params (C:\\Users\\USER\\Desktop\\port\\node_modules\\express\\lib\\router\\index.js:335:12)\n    at next (C:\\Users\\USER\\Desktop\\port\\node_modules\\express\\lib\\router\\index.js:275:10)\n    at C:\\Users\\USER\\Desktop\\port\\node_modules\\express\\lib\\router\\index.js:635:15\n    at next (C:\\Users\\USER\\Desktop\\port\\node_modules\\express\\lib\\router\\index.js:260:14)\n    at Function.handle (C:\\Users\\USER\\Desktop\\port\\node_modules\\express\\lib\\router\\index.js:174:3)\n    at router (C:\\Users\\USER\\Desktop\\port\\node_modules\\express\\lib\\router\\index.js:47:12)"}
{"level":"error","message":"[02:09:40]GET /member/css/menu.css은 없는 페이지 입니다."}
{"level":"error","message":"[02:09:41]Error: GET /member/css/menu.css은 없는 페이지 입니다.\n    at C:\\Users\\USER\\Desktop\\port\\app.js:86:16\n    at Layer.handle [as handle_request] (C:\\Users\\USER\\Desktop\\port\\node_modules\\express\\lib\\router\\layer.js:95:5)\n    at trim_prefix (C:\\Users\\USER\\Desktop\\port\\node_modules\\express\\lib\\router\\index.js:317:13)\n    at C:\\Users\\USER\\Desktop\\port\\node_modules\\express\\lib\\router\\index.js:284:7\n    at Function.process_params (C:\\Users\\USER\\Desktop\\port\\node_modules\\express\\lib\\router\\index.js:335:12)\n    at next (C:\\Users\\USER\\Desktop\\port\\node_modules\\express\\lib\\router\\index.js:275:10)\n    at C:\\Users\\USER\\Desktop\\port\\node_modules\\express\\lib\\router\\index.js:635:15\n    at next (C:\\Users\\USER\\Desktop\\port\\node_modules\\express\\lib\\router\\index.js:260:14)\n    at Function.handle (C:\\Users\\USER\\Desktop\\port\\node_modules\\express\\lib\\router\\index.js:174:3)\n    at router (C:\\Users\\USER\\Desktop\\port\\node_modules\\express\\lib\\router\\index.js:47:12)"}
{"level":"error","message":"[02:09:41]GET /member/css/menu.css은 없는 페이지 입니다."}
{"level":"error","message":"[02:09:41]GET /member/css/menu.css은 없는 페이지 입니다."}
{"level":"error","message":"[02:09:41]Error: GET /member/css/menu.css은 없는 페이지 입니다.\n    at C:\\Users\\USER\\Desktop\\port\\app.js:86:16\n    at Layer.handle [as handle_request] (C:\\Users\\USER\\Desktop\\port\\node_modules\\express\\lib\\router\\layer.js:95:5)\n    at trim_prefix (C:\\Users\\USER\\Desktop\\port\\node_modules\\express\\lib\\router\\index.js:317:13)\n    at C:\\Users\\USER\\Desktop\\port\\node_modules\\express\\lib\\router\\index.js:284:7\n    at Function.process_params (C:\\Users\\USER\\Desktop\\port\\node_modules\\express\\lib\\router\\index.js:335:12)\n    at next (C:\\Users\\USER\\Desktop\\port\\node_modules\\express\\lib\\router\\index.js:275:10)\n    at C:\\Users\\USER\\Desktop\\port\\node_modules\\express\\lib\\router\\index.js:635:15\n    at next (C:\\Users\\USER\\Desktop\\port\\node_modules\\express\\lib\\router\\index.js:260:14)\n    at Function.handle (C:\\Users\\USER\\Desktop\\port\\node_modules\\express\\lib\\router\\index.js:174:3)\n    at router (C:\\Users\\USER\\Desktop\\port\\node_modules\\express\\lib\\router\\index.js:47:12)"}
{"level":"error","message":"[02:09:41]GET /member/css/menu.css은 없는 페이지 입니다."}
{"level":"error","message":"[02:09:41]Error: GET /member/css/menu.css은 없는 페이지 입니다.\n    at C:\\Users\\USER\\Desktop\\port\\app.js:86:16\n    at Layer.handle [as handle_request] (C:\\Users\\USER\\Desktop\\port\\node_modules\\express\\lib\\router\\layer.js:95:5)\n    at trim_prefix (C:\\Users\\USER\\Desktop\\port\\node_modules\\express\\lib\\router\\index.js:317:13)\n    at C:\\Users\\USER\\Desktop\\port\\node_modules\\express\\lib\\router\\index.js:284:7\n    at Function.process_params (C:\\Users\\USER\\Desktop\\port\\node_modules\\express\\lib\\router\\index.js:335:12)\n    at next (C:\\Users\\USER\\Desktop\\port\\node_modules\\express\\lib\\router\\index.js:275:10)\n    at C:\\Users\\USER\\Desktop\\port\\node_modules\\express\\lib\\router\\index.js:635:15\n    at next (C:\\Users\\USER\\Desktop\\port\\node_modules\\express\\lib\\router\\index.js:260:14)\n    at Function.handle (C:\\Users\\USER\\Desktop\\port\\node_modules\\express\\lib\\router\\index.js:174:3)\n    at router (C:\\Users\\USER\\Desktop\\port\\node_modules\\express\\lib\\router\\index.js:47:12)"}
{"level":"error","message":"[02:09:41]Error: GET /member/css/menu.css은 없는 페이지 입니다.\n    at C:\\Users\\USER\\Desktop\\port\\app.js:86:16\n    at Layer.handle [as handle_request] (C:\\Users\\USER\\Desktop\\port\\node_modules\\express\\lib\\router\\layer.js:95:5)\n    at trim_prefix (C:\\Users\\USER\\Desktop\\port\\node_modules\\express\\lib\\router\\index.js:317:13)\n    at C:\\Users\\USER\\Desktop\\port\\node_modules\\express\\lib\\router\\index.js:284:7\n    at Function.process_params (C:\\Users\\USER\\Desktop\\port\\node_modules\\express\\lib\\router\\index.js:335:12)\n    at next (C:\\Users\\USER\\Desktop\\port\\node_modules\\express\\lib\\router\\index.js:275:10)\n    at C:\\Users\\USER\\Desktop\\port\\node_modules\\express\\lib\\router\\index.js:635:15\n    at next (C:\\Users\\USER\\Desktop\\port\\node_modules\\express\\lib\\router\\index.js:260:14)\n    at Function.handle (C:\\Users\\USER\\Desktop\\port\\node_modules\\express\\lib\\router\\index.js:174:3)\n    at router (C:\\Users\\USER\\Desktop\\port\\node_modules\\express\\lib\\router\\index.js:47:12)"}
{"level":"error","message":"[02:09:41]GET /member/css/menu.css은 없는 페이지 입니다."}
{"level":"error","message":"[03:37:12]Error: GET /menu4은 없는 페이지 입니다.\n    at C:\\Users\\USER\\Desktop\\port\\app.js:86:16\n    at Layer.handle [as handle_request] (C:\\Users\\USER\\Desktop\\port\\node_modules\\express\\lib\\router\\layer.js:95:5)\n    at trim_prefix (C:\\Users\\USER\\Desktop\\port\\node_modules\\express\\lib\\router\\index.js:317:13)\n    at C:\\Users\\USER\\Desktop\\port\\node_modules\\express\\lib\\router\\index.js:284:7\n    at Function.process_params (C:\\Users\\USER\\Desktop\\port\\node_modules\\express\\lib\\router\\index.js:335:12)\n    at next (C:\\Users\\USER\\Desktop\\port\\node_modules\\express\\lib\\router\\index.js:275:10)\n    at C:\\Users\\USER\\Desktop\\port\\node_modules\\express\\lib\\router\\index.js:635:15\n    at next (C:\\Users\\USER\\Desktop\\port\\node_modules\\express\\lib\\router\\index.js:260:14)\n    at Function.handle (C:\\Users\\USER\\Desktop\\port\\node_modules\\express\\lib\\router\\index.js:174:3)\n    at router (C:\\Users\\USER\\Desktop\\port\\node_modules\\express\\lib\\router\\index.js:47:12)"}
{"level":"error","message":"[03:37:12]GET /menu4은 없는 페이지 입니다."}
{"level":"error","message":"[03:59:38](C:\\Users\\USER\\Desktop\\port\\views\\member\\login.html)\n  Template render error: (C:\\Users\\USER\\Desktop\\port\\views\\menu\\_main.html) [Line 18, Column 16]\n  unknown block tag: endfor"}
{"level":"error","message":"[03:59:38]Template render error: (C:\\Users\\USER\\Desktop\\port\\views\\member\\login.html)\n  Template render error: (C:\\Users\\USER\\Desktop\\port\\views\\menu\\_main.html) [Line 18, Column 16]\n  unknown block tag: endfor\n    at Object._prettifyError (C:\\Users\\USER\\Desktop\\port\\node_modules\\nunjucks\\src\\lib.js:36:11)\n    at C:\\Users\\USER\\Desktop\\port\\node_modules\\nunjucks\\src\\environment.js:563:19\n    at eval (eval at _compile (C:\\Users\\USER\\Desktop\\port\\node_modules\\nunjucks\\src\\environment.js:633:18), <anonymous>:77:12)\n    at eval (eval at _compile (C:\\Users\\USER\\Desktop\\port\\node_modules\\nunjucks\\src\\environment.js:633:18), <anonymous>:174:12)\n    at C:\\Users\\USER\\Desktop\\port\\node_modules\\nunjucks\\src\\environment.js:41:5\n    at RawTask.call (C:\\Users\\USER\\Desktop\\port\\node_modules\\asap\\asap.js:40:19)\n    at flush (C:\\Users\\USER\\Desktop\\port\\node_modules\\asap\\raw.js:50:29)\n    at processTicksAndRejections (internal/process/task_queues.js:75:11)"}
{"level":"error","message":"[05:30:41](C:\\Users\\USER\\Desktop\\port\\views\\member\\login.html)\n  Template render error: (C:\\Users\\USER\\Desktop\\port\\views\\menu\\_main.html) [Line 26, Column 6]\n  unknown block tag: endif"}
{"level":"error","message":"[05:30:41]Template render error: (C:\\Users\\USER\\Desktop\\port\\views\\member\\login.html)\n  Template render error: (C:\\Users\\USER\\Desktop\\port\\views\\menu\\_main.html) [Line 26, Column 6]\n  unknown block tag: endif\n    at Object._prettifyError (C:\\Users\\USER\\Desktop\\port\\node_modules\\nunjucks\\src\\lib.js:36:11)\n    at C:\\Users\\USER\\Desktop\\port\\node_modules\\nunjucks\\src\\environment.js:563:19\n    at eval (eval at _compile (C:\\Users\\USER\\Desktop\\port\\node_modules\\nunjucks\\src\\environment.js:633:18), <anonymous>:77:12)\n    at eval (eval at _compile (C:\\Users\\USER\\Desktop\\port\\node_modules\\nunjucks\\src\\environment.js:633:18), <anonymous>:174:12)\n    at C:\\Users\\USER\\Desktop\\port\\node_modules\\nunjucks\\src\\environment.js:41:5\n    at RawTask.call (C:\\Users\\USER\\Desktop\\port\\node_modules\\asap\\asap.js:40:19)\n    at flush (C:\\Users\\USER\\Desktop\\port\\node_modules\\asap\\raw.js:50:29)\n    at processTicksAndRejections (internal/process/task_queues.js:75:11)"}
{"level":"info","message":"[05:47:03]데이터베이스 연결 성공"}
{"level":"info","message":"[05:47:14]데이터베이스 연결 성공"}
{"level":"info","message":"[05:47:17]데이터베이스 연결 성공"}
{"level":"info","message":"[05:47:24]데이터베이스 연결 성공"}
{"level":"info","message":"[05:47:29]데이터베이스 연결 성공"}
{"level":"info","message":"[05:47:34]데이터베이스 연결 성공"}
