{"level":"info","message":"[19:59:20]데이터베이스 연결 성공"}
{"level":"error","message":"[19:59:26]GET /favicon.ico은 없는 페이지 입니다."}
{"level":"error","message":"[19:59:26]Error: GET /favicon.ico은 없는 페이지 입니다.\n    at C:\\Users\\USER\\Desktop\\home\\port2\\port\\app.js:99:16\n    at Layer.handle [as handle_request] (C:\\Users\\USER\\Desktop\\home\\port2\\port\\node_modules\\express\\lib\\router\\layer.js:95:5)\n    at trim_prefix (C:\\Users\\USER\\Desktop\\home\\port2\\port\\node_modules\\express\\lib\\router\\index.js:317:13)\n    at C:\\Users\\USER\\Desktop\\home\\port2\\port\\node_modules\\express\\lib\\router\\index.js:284:7\n    at Function.process_params (C:\\Users\\USER\\Desktop\\home\\port2\\port\\node_modules\\express\\lib\\router\\index.js:335:12)\n    at next (C:\\Users\\USER\\Desktop\\home\\port2\\port\\node_modules\\express\\lib\\router\\index.js:275:10)\n    at C:\\Users\\USER\\Desktop\\home\\port2\\port\\node_modules\\express\\lib\\router\\index.js:635:15\n    at next (C:\\Users\\USER\\Desktop\\home\\port2\\port\\node_modules\\express\\lib\\router\\index.js:260:14)\n    at Function.handle (C:\\Users\\USER\\Desktop\\home\\port2\\port\\node_modules\\express\\lib\\router\\index.js:174:3)\n    at router (C:\\Users\\USER\\Desktop\\home\\port2\\port\\node_modules\\express\\lib\\router\\index.js:47:12)"}
{"level":"info","message":"[20:02:07]데이터베이스 연결 성공"}
{"level":"info","message":"[20:11:15]데이터베이스 연결 성공"}
{"level":"info","message":"[20:11:17]데이터베이스 연결 성공"}
{"level":"info","message":"[20:11:47]데이터베이스 연결 성공"}
{"level":"info","message":"[20:12:22]데이터베이스 연결 성공"}
{"level":"info","message":"[20:12:38]데이터베이스 연결 성공"}
{"level":"info","message":"[20:13:17]데이터베이스 연결 성공"}
{"level":"info","message":"[20:13:50]데이터베이스 연결 성공"}
{"level":"info","message":"[20:14:01]데이터베이스 연결 성공"}
{"level":"info","message":"[20:14:37]데이터베이스 연결 성공"}
{"level":"info","message":"[20:14:46]데이터베이스 연결 성공"}
{"level":"error","message":"[20:14:53]template not found: board/comment_form.html"}
{"level":"error","message":"[20:14:53]Error: template not found: board/comment_form.html\n    at createTemplate (C:\\Users\\USER\\Desktop\\home\\port2\\port\\node_modules\\nunjucks\\src\\environment.js:290:15)\n    at next (C:\\Users\\USER\\Desktop\\home\\port2\\port\\node_modules\\nunjucks\\src\\lib.js:330:7)\n    at handle (C:\\Users\\USER\\Desktop\\home\\port2\\port\\node_modules\\nunjucks\\src\\environment.js:329:11)\n    at C:\\Users\\USER\\Desktop\\home\\port2\\port\\node_modules\\nunjucks\\src\\environment.js:339:9\n    at next (C:\\Users\\USER\\Desktop\\home\\port2\\port\\node_modules\\nunjucks\\src\\lib.js:328:7)\n    at Object.asyncIter (C:\\Users\\USER\\Desktop\\home\\port2\\port\\node_modules\\nunjucks\\src\\lib.js:334:3)\n    at Environment.getTemplate (C:\\Users\\USER\\Desktop\\home\\port2\\port\\node_modules\\nunjucks\\src\\environment.js:321:9)\n    at Environment.render (C:\\Users\\USER\\Desktop\\home\\port2\\port\\node_modules\\nunjucks\\src\\environment.js:360:10)\n    at NunjucksView.render (C:\\Users\\USER\\Desktop\\home\\port2\\port\\node_modules\\nunjucks\\src\\express-app.js:22:9)\n    at tryRender (C:\\Users\\USER\\Desktop\\home\\port2\\port\\node_modules\\express\\lib\\application.js:640:10)"}
{"level":"info","message":"[20:15:08]데이터베이스 연결 성공"}
{"level":"info","message":"[20:15:12]데이터베이스 연결 성공"}
{"level":"info","message":"[20:15:23]데이터베이스 연결 성공"}
{"level":"info","message":"[20:15:33]데이터베이스 연결 성공"}
{"level":"error","message":"[20:15:50]template not found: board/comment_form.html"}
{"level":"error","message":"[20:15:50]Error: template not found: board/comment_form.html\n    at createTemplate (C:\\Users\\USER\\Desktop\\home\\port2\\port\\node_modules\\nunjucks\\src\\environment.js:290:15)\n    at next (C:\\Users\\USER\\Desktop\\home\\port2\\port\\node_modules\\nunjucks\\src\\lib.js:330:7)\n    at handle (C:\\Users\\USER\\Desktop\\home\\port2\\port\\node_modules\\nunjucks\\src\\environment.js:329:11)\n    at C:\\Users\\USER\\Desktop\\home\\port2\\port\\node_modules\\nunjucks\\src\\environment.js:339:9\n    at next (C:\\Users\\USER\\Desktop\\home\\port2\\port\\node_modules\\nunjucks\\src\\lib.js:328:7)\n    at Object.asyncIter (C:\\Users\\USER\\Desktop\\home\\port2\\port\\node_modules\\nunjucks\\src\\lib.js:334:3)\n    at Environment.getTemplate (C:\\Users\\USER\\Desktop\\home\\port2\\port\\node_modules\\nunjucks\\src\\environment.js:321:9)\n    at Environment.render (C:\\Users\\USER\\Desktop\\home\\port2\\port\\node_modules\\nunjucks\\src\\environment.js:360:10)\n    at NunjucksView.render (C:\\Users\\USER\\Desktop\\home\\port2\\port\\node_modules\\nunjucks\\src\\express-app.js:22:9)\n    at tryRender (C:\\Users\\USER\\Desktop\\home\\port2\\port\\node_modules\\express\\lib\\application.js:640:10)"}
{"level":"info","message":"[20:16:51]데이터베이스 연결 성공"}
{"level":"info","message":"[20:20:59]데이터베이스 연결 성공"}
{"level":"info","message":"[20:22:27]데이터베이스 연결 성공"}
{"level":"info","message":"[20:22:55]데이터베이스 연결 성공"}
{"level":"info","message":"[20:23:19]데이터베이스 연결 성공"}
{"level":"info","message":"[20:27:05]데이터베이스 연결 성공"}
{"level":"info","message":"[20:27:12]데이터베이스 연결 성공"}
{"level":"info","message":"[20:28:25]데이터베이스 연결 성공"}
{"level":"info","message":"[20:28:43]데이터베이스 연결 성공"}
{"level":"info","message":"[20:28:58]데이터베이스 연결 성공"}
{"level":"info","message":"[20:29:01]데이터베이스 연결 성공"}
{"level":"info","message":"[20:36:24]데이터베이스 연결 성공"}
{"level":"info","message":"[20:36:40]데이터베이스 연결 성공"}
{"level":"info","message":"[20:38:40]데이터베이스 연결 성공"}
{"level":"info","message":"[20:39:11]데이터베이스 연결 성공"}
{"level":"info","message":"[20:39:13]데이터베이스 연결 성공"}
{"level":"info","message":"[20:39:43]데이터베이스 연결 성공"}
{"level":"info","message":"[20:41:09]데이터베이스 연결 성공"}
{"level":"info","message":"[20:41:13]데이터베이스 연결 성공"}
{"level":"info","message":"[20:41:49]데이터베이스 연결 성공"}
{"level":"info","message":"[20:44:34]데이터베이스 연결 성공"}
{"level":"info","message":"[20:44:58]데이터베이스 연결 성공"}
{"level":"info","message":"[20:47:28]데이터베이스 연결 성공"}
{"level":"info","message":"[20:47:45]데이터베이스 연결 성공"}
{"level":"info","message":"[20:48:01]데이터베이스 연결 성공"}
{"level":"info","message":"[20:48:33]데이터베이스 연결 성공"}
{"level":"info","message":"[20:49:35]데이터베이스 연결 성공"}
{"level":"info","message":"[20:49:43]데이터베이스 연결 성공"}
{"level":"info","message":"[20:50:12]데이터베이스 연결 성공"}
{"level":"info","message":"[20:50:19]데이터베이스 연결 성공"}
{"level":"info","message":"[20:50:31]데이터베이스 연결 성공"}
{"level":"info","message":"[20:50:34]데이터베이스 연결 성공"}
{"level":"info","message":"[20:50:52]데이터베이스 연결 성공"}
{"level":"info","message":"[20:52:03]데이터베이스 연결 성공"}
{"level":"info","message":"[20:52:15]데이터베이스 연결 성공"}
{"level":"info","message":"[20:52:27]데이터베이스 연결 성공"}
{"level":"info","message":"[20:58:03]데이터베이스 연결 성공"}
{"level":"info","message":"[20:58:59]데이터베이스 연결 성공"}
{"level":"info","message":"[20:59:15]데이터베이스 연결 성공"}
{"level":"info","message":"[20:59:52]데이터베이스 연결 성공"}
{"level":"info","message":"[21:00:08]데이터베이스 연결 성공"}
{"level":"info","message":"[21:00:11]데이터베이스 연결 성공"}
{"level":"info","message":"[21:00:17]데이터베이스 연결 성공"}
{"level":"info","message":"[21:00:20]데이터베이스 연결 성공"}
{"level":"info","message":"[21:00:25]데이터베이스 연결 성공"}
{"level":"info","message":"[21:01:03]데이터베이스 연결 성공"}
{"level":"info","message":"[21:01:24]데이터베이스 연결 성공"}
{"level":"info","message":"[21:01:35]데이터베이스 연결 성공"}
{"level":"info","message":"[21:02:51]데이터베이스 연결 성공"}
{"level":"info","message":"[21:03:43]데이터베이스 연결 성공"}
{"level":"info","message":"[21:09:49]데이터베이스 연결 성공"}
{"level":"info","message":"[21:10:05]데이터베이스 연결 성공"}
{"level":"info","message":"[21:10:33]데이터베이스 연결 성공"}
{"level":"info","message":"[21:10:55]데이터베이스 연결 성공"}
{"level":"info","message":"[21:11:36]데이터베이스 연결 성공"}
{"level":"info","message":"[21:11:52]데이터베이스 연결 성공"}
{"level":"info","message":"[21:12:43]데이터베이스 연결 성공"}
{"level":"info","message":"[21:12:51]데이터베이스 연결 성공"}
{"level":"info","message":"[21:13:01]데이터베이스 연결 성공"}
{"level":"info","message":"[21:13:40]데이터베이스 연결 성공"}
{"level":"info","message":"[21:13:45]데이터베이스 연결 성공"}
{"level":"info","message":"[21:13:48]데이터베이스 연결 성공"}
{"level":"info","message":"[21:15:09]데이터베이스 연결 성공"}
{"level":"info","message":"[21:15:45]데이터베이스 연결 성공"}
{"level":"info","message":"[21:16:32]데이터베이스 연결 성공"}
{"level":"info","message":"[21:16:42]데이터베이스 연결 성공"}
{"level":"info","message":"[21:16:54]데이터베이스 연결 성공"}
{"level":"info","message":"[21:17:54]데이터베이스 연결 성공"}
{"level":"info","message":"[21:19:00]데이터베이스 연결 성공"}
{"level":"info","message":"[21:19:44]데이터베이스 연결 성공"}
{"level":"info","message":"[21:20:19]데이터베이스 연결 성공"}
{"level":"info","message":"[21:20:38]데이터베이스 연결 성공"}
{"level":"info","message":"[21:21:01]데이터베이스 연결 성공"}
{"level":"info","message":"[21:21:29]데이터베이스 연결 성공"}
{"level":"info","message":"[21:21:35]데이터베이스 연결 성공"}
{"level":"info","message":"[21:22:07]데이터베이스 연결 성공"}
{"level":"info","message":"[21:22:25]데이터베이스 연결 성공"}
{"level":"error","message":"[21:22:56]GET /board/password/9?mode=&type=은 없는 페이지 입니다."}
{"level":"error","message":"[21:22:56]Error: GET /board/password/9?mode=&type=은 없는 페이지 입니다.\n    at C:\\Users\\USER\\Desktop\\home\\port2\\port\\app.js:99:16\n    at Layer.handle [as handle_request] (C:\\Users\\USER\\Desktop\\home\\port2\\port\\node_modules\\express\\lib\\router\\layer.js:95:5)\n    at trim_prefix (C:\\Users\\USER\\Desktop\\home\\port2\\port\\node_modules\\express\\lib\\router\\index.js:317:13)\n    at C:\\Users\\USER\\Desktop\\home\\port2\\port\\node_modules\\express\\lib\\router\\index.js:284:7\n    at Function.process_params (C:\\Users\\USER\\Desktop\\home\\port2\\port\\node_modules\\express\\lib\\router\\index.js:335:12)\n    at next (C:\\Users\\USER\\Desktop\\home\\port2\\port\\node_modules\\express\\lib\\router\\index.js:275:10)\n    at C:\\Users\\USER\\Desktop\\home\\port2\\port\\node_modules\\express\\lib\\router\\index.js:635:15\n    at next (C:\\Users\\USER\\Desktop\\home\\port2\\port\\node_modules\\express\\lib\\router\\index.js:260:14)\n    at Function.handle (C:\\Users\\USER\\Desktop\\home\\port2\\port\\node_modules\\express\\lib\\router\\index.js:174:3)\n    at router (C:\\Users\\USER\\Desktop\\home\\port2\\port\\node_modules\\express\\lib\\router\\index.js:47:12)"}
{"level":"error","message":"[21:23:28]GET /board/password/9?mode=&type=은 없는 페이지 입니다."}
{"level":"error","message":"[21:23:28]Error: GET /board/password/9?mode=&type=은 없는 페이지 입니다.\n    at C:\\Users\\USER\\Desktop\\home\\port2\\port\\app.js:99:16\n    at Layer.handle [as handle_request] (C:\\Users\\USER\\Desktop\\home\\port2\\port\\node_modules\\express\\lib\\router\\layer.js:95:5)\n    at trim_prefix (C:\\Users\\USER\\Desktop\\home\\port2\\port\\node_modules\\express\\lib\\router\\index.js:317:13)\n    at C:\\Users\\USER\\Desktop\\home\\port2\\port\\node_modules\\express\\lib\\router\\index.js:284:7\n    at Function.process_params (C:\\Users\\USER\\Desktop\\home\\port2\\port\\node_modules\\express\\lib\\router\\index.js:335:12)\n    at next (C:\\Users\\USER\\Desktop\\home\\port2\\port\\node_modules\\express\\lib\\router\\index.js:275:10)\n    at C:\\Users\\USER\\Desktop\\home\\port2\\port\\node_modules\\express\\lib\\router\\index.js:635:15\n    at next (C:\\Users\\USER\\Desktop\\home\\port2\\port\\node_modules\\express\\lib\\router\\index.js:260:14)\n    at Function.handle (C:\\Users\\USER\\Desktop\\home\\port2\\port\\node_modules\\express\\lib\\router\\index.js:174:3)\n    at router (C:\\Users\\USER\\Desktop\\home\\port2\\port\\node_modules\\express\\lib\\router\\index.js:47:12)"}
{"level":"info","message":"[21:24:56]데이터베이스 연결 성공"}
{"level":"info","message":"[21:25:20]데이터베이스 연결 성공"}
{"level":"info","message":"[21:25:32]데이터베이스 연결 성공"}
{"level":"error","message":"[21:26:50]GET /board/password/9?mode=&type=은 없는 페이지 입니다."}
{"level":"error","message":"[21:26:50]Error: GET /board/password/9?mode=&type=은 없는 페이지 입니다.\n    at C:\\Users\\USER\\Desktop\\home\\port2\\port\\app.js:99:16\n    at Layer.handle [as handle_request] (C:\\Users\\USER\\Desktop\\home\\port2\\port\\node_modules\\express\\lib\\router\\layer.js:95:5)\n    at trim_prefix (C:\\Users\\USER\\Desktop\\home\\port2\\port\\node_modules\\express\\lib\\router\\index.js:317:13)\n    at C:\\Users\\USER\\Desktop\\home\\port2\\port\\node_modules\\express\\lib\\router\\index.js:284:7\n    at Function.process_params (C:\\Users\\USER\\Desktop\\home\\port2\\port\\node_modules\\express\\lib\\router\\index.js:335:12)\n    at next (C:\\Users\\USER\\Desktop\\home\\port2\\port\\node_modules\\express\\lib\\router\\index.js:275:10)\n    at C:\\Users\\USER\\Desktop\\home\\port2\\port\\node_modules\\express\\lib\\router\\index.js:635:15\n    at next (C:\\Users\\USER\\Desktop\\home\\port2\\port\\node_modules\\express\\lib\\router\\index.js:260:14)\n    at Function.handle (C:\\Users\\USER\\Desktop\\home\\port2\\port\\node_modules\\express\\lib\\router\\index.js:174:3)\n    at router (C:\\Users\\USER\\Desktop\\home\\port2\\port\\node_modules\\express\\lib\\router\\index.js:47:12)"}
{"level":"info","message":"[21:27:05]데이터베이스 연결 성공"}
{"level":"error","message":"[21:27:09]GET /board/password/9?mode=&type=은 없는 페이지 입니다."}
{"level":"error","message":"[21:27:09]Error: GET /board/password/9?mode=&type=은 없는 페이지 입니다.\n    at C:\\Users\\USER\\Desktop\\home\\port2\\port\\app.js:99:16\n    at Layer.handle [as handle_request] (C:\\Users\\USER\\Desktop\\home\\port2\\port\\node_modules\\express\\lib\\router\\layer.js:95:5)\n    at trim_prefix (C:\\Users\\USER\\Desktop\\home\\port2\\port\\node_modules\\express\\lib\\router\\index.js:317:13)\n    at C:\\Users\\USER\\Desktop\\home\\port2\\port\\node_modules\\express\\lib\\router\\index.js:284:7\n    at Function.process_params (C:\\Users\\USER\\Desktop\\home\\port2\\port\\node_modules\\express\\lib\\router\\index.js:335:12)\n    at next (C:\\Users\\USER\\Desktop\\home\\port2\\port\\node_modules\\express\\lib\\router\\index.js:275:10)\n    at C:\\Users\\USER\\Desktop\\home\\port2\\port\\node_modules\\express\\lib\\router\\index.js:635:15\n    at next (C:\\Users\\USER\\Desktop\\home\\port2\\port\\node_modules\\express\\lib\\router\\index.js:260:14)\n    at Function.handle (C:\\Users\\USER\\Desktop\\home\\port2\\port\\node_modules\\express\\lib\\router\\index.js:174:3)\n    at router (C:\\Users\\USER\\Desktop\\home\\port2\\port\\node_modules\\express\\lib\\router\\index.js:47:12)"}
{"level":"error","message":"[21:27:19]GET /board/password/9은 없는 페이지 입니다."}
{"level":"error","message":"[21:27:19]Error: GET /board/password/9은 없는 페이지 입니다.\n    at C:\\Users\\USER\\Desktop\\home\\port2\\port\\app.js:99:16\n    at Layer.handle [as handle_request] (C:\\Users\\USER\\Desktop\\home\\port2\\port\\node_modules\\express\\lib\\router\\layer.js:95:5)\n    at trim_prefix (C:\\Users\\USER\\Desktop\\home\\port2\\port\\node_modules\\express\\lib\\router\\index.js:317:13)\n    at C:\\Users\\USER\\Desktop\\home\\port2\\port\\node_modules\\express\\lib\\router\\index.js:284:7\n    at Function.process_params (C:\\Users\\USER\\Desktop\\home\\port2\\port\\node_modules\\express\\lib\\router\\index.js:335:12)\n    at next (C:\\Users\\USER\\Desktop\\home\\port2\\port\\node_modules\\express\\lib\\router\\index.js:275:10)\n    at C:\\Users\\USER\\Desktop\\home\\port2\\port\\node_modules\\express\\lib\\router\\index.js:635:15\n    at next (C:\\Users\\USER\\Desktop\\home\\port2\\port\\node_modules\\express\\lib\\router\\index.js:260:14)\n    at Function.handle (C:\\Users\\USER\\Desktop\\home\\port2\\port\\node_modules\\express\\lib\\router\\index.js:174:3)\n    at router (C:\\Users\\USER\\Desktop\\home\\port2\\port\\node_modules\\express\\lib\\router\\index.js:47:12)"}
{"level":"info","message":"[21:27:44]데이터베이스 연결 성공"}
{"level":"info","message":"[21:28:55]데이터베이스 연결 성공"}
{"level":"info","message":"[21:29:51]데이터베이스 연결 성공"}
{"level":"info","message":"[21:30:23]데이터베이스 연결 성공"}
{"level":"info","message":"[21:30:33]데이터베이스 연결 성공"}
{"level":"info","message":"[21:30:36]데이터베이스 연결 성공"}
{"level":"info","message":"[21:30:56]데이터베이스 연결 성공"}
{"level":"info","message":"[21:30:59]데이터베이스 연결 성공"}
{"level":"info","message":"[21:31:08]데이터베이스 연결 성공"}
{"level":"info","message":"[21:31:12]데이터베이스 연결 성공"}
{"level":"info","message":"[21:31:25]데이터베이스 연결 성공"}
{"level":"info","message":"[21:31:34]데이터베이스 연결 성공"}
{"level":"info","message":"[21:31:46]데이터베이스 연결 성공"}
{"level":"info","message":"[21:31:53]데이터베이스 연결 성공"}
{"level":"info","message":"[21:31:55]데이터베이스 연결 성공"}
{"level":"info","message":"[21:32:26]데이터베이스 연결 성공"}
{"level":"info","message":"[21:32:29]데이터베이스 연결 성공"}
{"level":"info","message":"[21:32:58]데이터베이스 연결 성공"}
{"level":"info","message":"[21:33:06]데이터베이스 연결 성공"}
{"level":"info","message":"[21:35:00]데이터베이스 연결 성공"}
{"level":"info","message":"[21:35:04]데이터베이스 연결 성공"}
{"level":"info","message":"[21:36:11]데이터베이스 연결 성공"}
{"level":"info","message":"[21:37:08]데이터베이스 연결 성공"}
{"level":"info","message":"[21:37:40]데이터베이스 연결 성공"}
{"level":"info","message":"[21:37:47]데이터베이스 연결 성공"}
{"level":"info","message":"[21:38:48]데이터베이스 연결 성공"}
{"level":"info","message":"[21:39:16]데이터베이스 연결 성공"}
{"level":"info","message":"[21:39:38]데이터베이스 연결 성공"}
{"level":"info","message":"[21:40:09]데이터베이스 연결 성공"}
{"level":"info","message":"[21:40:19]데이터베이스 연결 성공"}
{"level":"info","message":"[21:40:22]데이터베이스 연결 성공"}
{"level":"info","message":"[21:40:28]데이터베이스 연결 성공"}
{"level":"info","message":"[21:45:17]데이터베이스 연결 성공"}
{"level":"info","message":"[21:50:10]데이터베이스 연결 성공"}
{"level":"info","message":"[21:50:21]데이터베이스 연결 성공"}
{"level":"info","message":"[21:50:41]데이터베이스 연결 성공"}
{"level":"info","message":"[21:51:01]데이터베이스 연결 성공"}
{"level":"info","message":"[21:51:07]데이터베이스 연결 성공"}
{"level":"info","message":"[21:52:06]데이터베이스 연결 성공"}
{"level":"info","message":"[21:52:59]데이터베이스 연결 성공"}
{"level":"info","message":"[21:54:00]데이터베이스 연결 성공"}
{"level":"info","message":"[21:54:40]데이터베이스 연결 성공"}
{"level":"info","message":"[21:54:48]데이터베이스 연결 성공"}
{"level":"info","message":"[21:58:57]데이터베이스 연결 성공"}
{"level":"info","message":"[21:59:59]데이터베이스 연결 성공"}
{"level":"info","message":"[22:00:00]데이터베이스 연결 성공"}
{"level":"info","message":"[22:00:25]데이터베이스 연결 성공"}
{"level":"info","message":"[22:00:43]데이터베이스 연결 성공"}
{"level":"info","message":"[22:01:19]데이터베이스 연결 성공"}
{"level":"info","message":"[22:01:46]데이터베이스 연결 성공"}
{"level":"info","message":"[22:02:08]데이터베이스 연결 성공"}
{"level":"info","message":"[22:02:10]데이터베이스 연결 성공"}
{"level":"info","message":"[22:02:30]데이터베이스 연결 성공"}
{"level":"info","message":"[22:02:44]데이터베이스 연결 성공"}
{"level":"info","message":"[22:03:08]데이터베이스 연결 성공"}
{"level":"info","message":"[22:03:19]데이터베이스 연결 성공"}
{"level":"info","message":"[22:04:28]데이터베이스 연결 성공"}
{"level":"info","message":"[22:04:32]데이터베이스 연결 성공"}
{"level":"info","message":"[22:05:38]데이터베이스 연결 성공"}
{"level":"info","message":"[22:05:48]데이터베이스 연결 성공"}
{"level":"info","message":"[22:08:36]데이터베이스 연결 성공"}
{"level":"info","message":"[22:08:41]데이터베이스 연결 성공"}
{"level":"info","message":"[22:09:01]데이터베이스 연결 성공"}
{"level":"info","message":"[22:09:09]데이터베이스 연결 성공"}
{"level":"info","message":"[22:09:31]데이터베이스 연결 성공"}
{"level":"info","message":"[22:09:38]데이터베이스 연결 성공"}
{"level":"info","message":"[22:10:17]데이터베이스 연결 성공"}
{"level":"info","message":"[22:12:24]데이터베이스 연결 성공"}
{"level":"info","message":"[22:12:47]데이터베이스 연결 성공"}
{"level":"info","message":"[22:13:36]데이터베이스 연결 성공"}
{"level":"info","message":"[22:14:13]데이터베이스 연결 성공"}
{"level":"info","message":"[22:14:25]데이터베이스 연결 성공"}
{"level":"info","message":"[22:19:05]데이터베이스 연결 성공"}
{"level":"info","message":"[22:20:28]데이터베이스 연결 성공"}
{"level":"info","message":"[22:20:29]데이터베이스 연결 성공"}
{"level":"info","message":"[22:22:02]데이터베이스 연결 성공"}
{"level":"info","message":"[22:22:27]데이터베이스 연결 성공"}
{"level":"info","message":"[22:22:33]데이터베이스 연결 성공"}
{"level":"info","message":"[22:24:16]데이터베이스 연결 성공"}
{"level":"info","message":"[22:24:44]데이터베이스 연결 성공"}
{"level":"info","message":"[22:26:18]데이터베이스 연결 성공"}
{"level":"info","message":"[22:26:39]데이터베이스 연결 성공"}
{"level":"info","message":"[22:26:54]데이터베이스 연결 성공"}
{"level":"info","message":"[22:27:56]데이터베이스 연결 성공"}
{"level":"info","message":"[22:28:02]데이터베이스 연결 성공"}
{"level":"info","message":"[22:28:57]데이터베이스 연결 성공"}
{"level":"info","message":"[22:29:28]데이터베이스 연결 성공"}
{"level":"info","message":"[22:29:43]데이터베이스 연결 성공"}
{"level":"info","message":"[22:29:57]데이터베이스 연결 성공"}
{"level":"info","message":"[22:30:14]데이터베이스 연결 성공"}
{"level":"info","message":"[22:30:20]데이터베이스 연결 성공"}
{"level":"info","message":"[22:30:31]데이터베이스 연결 성공"}
{"level":"info","message":"[22:31:26]데이터베이스 연결 성공"}
{"level":"info","message":"[22:31:33]데이터베이스 연결 성공"}
{"level":"info","message":"[22:31:53]데이터베이스 연결 성공"}
{"level":"info","message":"[22:33:02]데이터베이스 연결 성공"}
{"level":"info","message":"[22:34:13]데이터베이스 연결 성공"}
{"level":"info","message":"[22:36:31]데이터베이스 연결 성공"}
{"level":"info","message":"[22:37:19]데이터베이스 연결 성공"}
