{"level":"error","message":"[12:26:01]Access denied for user 'root'@'localhost' (using password: YES)"}
{"level":"error","message":"[12:26:02]SequelizeAccessDeniedError: Access denied for user 'root'@'localhost' (using password: YES)\n    at ConnectionManager.connect (C:\\Users\\6-11\\Desktop\\0101\\port\\node_modules\\sequelize\\lib\\dialects\\mysql\\connection-manager.js:118:17)\n    at processTicksAndRejections (internal/process/task_queues.js:93:5)\n    at async ConnectionManager._connect (C:\\Users\\6-11\\Desktop\\0101\\port\\node_modules\\sequelize\\lib\\dialects\\abstract\\connection-manager.js:318:24)\n    at async C:\\Users\\6-11\\Desktop\\0101\\port\\node_modules\\sequelize\\lib\\dialects\\abstract\\connection-manager.js:250:32\n    at async ConnectionManager.getConnection (C:\\Users\\6-11\\Desktop\\0101\\port\\node_modules\\sequelize\\lib\\dialects\\abstract\\connection-manager.js:280:7)\n    at async C:\\Users\\6-11\\Desktop\\0101\\port\\node_modules\\sequelize\\lib\\sequelize.js:613:26\n    at async Sequelize.authenticate (C:\\Users\\6-11\\Desktop\\0101\\port\\node_modules\\sequelize\\lib\\sequelize.js:867:5)\n    at async Sequelize.sync (C:\\Users\\6-11\\Desktop\\0101\\port\\node_modules\\sequelize\\lib\\sequelize.js:791:7)"}
{"level":"info","message":"[12:26:06]데이터베이스 연결 성공"}
{"level":"info","message":"[12:37:12]데이터베이스 연결 성공"}
{"level":"info","message":"[12:38:51]데이터베이스 연결 성공"}
{"level":"error","message":"[20:34:51]Access denied for user 'root'@'localhost' (using password: YES)"}
{"level":"error","message":"[20:34:51]SequelizeAccessDeniedError: Access denied for user 'root'@'localhost' (using password: YES)\n    at ConnectionManager.connect (C:\\Users\\USER\\Desktop\\home\\port2\\port\\node_modules\\sequelize\\lib\\dialects\\mysql\\connection-manager.js:118:17)\n    at processTicksAndRejections (internal/process/task_queues.js:93:5)\n    at async ConnectionManager._connect (C:\\Users\\USER\\Desktop\\home\\port2\\port\\node_modules\\sequelize\\lib\\dialects\\abstract\\connection-manager.js:318:24)\n    at async C:\\Users\\USER\\Desktop\\home\\port2\\port\\node_modules\\sequelize\\lib\\dialects\\abstract\\connection-manager.js:250:32\n    at async ConnectionManager.getConnection (C:\\Users\\USER\\Desktop\\home\\port2\\port\\node_modules\\sequelize\\lib\\dialects\\abstract\\connection-manager.js:280:7)\n    at async C:\\Users\\USER\\Desktop\\home\\port2\\port\\node_modules\\sequelize\\lib\\sequelize.js:613:26\n    at async Sequelize.authenticate (C:\\Users\\USER\\Desktop\\home\\port2\\port\\node_modules\\sequelize\\lib\\sequelize.js:867:5)\n    at async Sequelize.sync (C:\\Users\\USER\\Desktop\\home\\port2\\port\\node_modules\\sequelize\\lib\\sequelize.js:791:7)"}
{"level":"error","message":"[20:34:58]Error: GET /favicon.ico은 없는 페이지 입니다.\n    at C:\\Users\\USER\\Desktop\\home\\port2\\port\\app.js:100:16\n    at Layer.handle [as handle_request] (C:\\Users\\USER\\Desktop\\home\\port2\\port\\node_modules\\express\\lib\\router\\layer.js:95:5)\n    at trim_prefix (C:\\Users\\USER\\Desktop\\home\\port2\\port\\node_modules\\express\\lib\\router\\index.js:317:13)\n    at C:\\Users\\USER\\Desktop\\home\\port2\\port\\node_modules\\express\\lib\\router\\index.js:284:7\n    at Function.process_params (C:\\Users\\USER\\Desktop\\home\\port2\\port\\node_modules\\express\\lib\\router\\index.js:335:12)\n    at next (C:\\Users\\USER\\Desktop\\home\\port2\\port\\node_modules\\express\\lib\\router\\index.js:275:10)\n    at C:\\Users\\USER\\Desktop\\home\\port2\\port\\node_modules\\express\\lib\\router\\index.js:635:15\n    at next (C:\\Users\\USER\\Desktop\\home\\port2\\port\\node_modules\\express\\lib\\router\\index.js:260:14)\n    at Function.handle (C:\\Users\\USER\\Desktop\\home\\port2\\port\\node_modules\\express\\lib\\router\\index.js:174:3)\n    at router (C:\\Users\\USER\\Desktop\\home\\port2\\port\\node_modules\\express\\lib\\router\\index.js:47:12)"}
{"level":"error","message":"[20:34:58]GET /favicon.ico은 없는 페이지 입니다."}
{"level":"info","message":"[20:35:25]데이터베이스 연결 성공"}
{"level":"info","message":"[20:46:05]데이터베이스 연결 성공"}
{"level":"info","message":"[20:46:33]데이터베이스 연결 성공"}
{"level":"info","message":"[20:50:01]데이터베이스 연결 성공"}
{"level":"info","message":"[20:50:09]데이터베이스 연결 성공"}
{"level":"info","message":"[20:51:09]데이터베이스 연결 성공"}
{"level":"error","message":"[20:54:27]Error: ENOENT: no such file or directory, mkdir 'C:\\Users\\USER\\Desktop\\home\\port2\\port\\public\\upload\\7'"}
{"level":"error","message":"[20:55:44]SequelizeDatabaseError: Table 'fly_go.filedata' doesn't exist\n    at Query.formatError (C:\\Users\\USER\\Desktop\\home\\port2\\port\\node_modules\\sequelize\\lib\\dialects\\mysql\\query.js:265:16)\n    at Query.run (C:\\Users\\USER\\Desktop\\home\\port2\\port\\node_modules\\sequelize\\lib\\dialects\\mysql\\query.js:77:18)\n    at processTicksAndRejections (internal/process/task_queues.js:93:5)\n    at async C:\\Users\\USER\\Desktop\\home\\port2\\port\\node_modules\\sequelize\\lib\\sequelize.js:619:16\n    at async Object.finish (C:\\Users\\USER\\Desktop\\home\\port2\\port\\models\\file_upload.js:144:4)\n    at async C:\\Users\\USER\\Desktop\\home\\port2\\port\\routes\\file.js:61:3"}
{"level":"error","message":"[20:55:44]SequelizeDatabaseError: Table 'fly_go.filedata' doesn't exist\n    at Query.formatError (C:\\Users\\USER\\Desktop\\home\\port2\\port\\node_modules\\sequelize\\lib\\dialects\\mysql\\query.js:265:16)\n    at Query.run (C:\\Users\\USER\\Desktop\\home\\port2\\port\\node_modules\\sequelize\\lib\\dialects\\mysql\\query.js:77:18)\n    at processTicksAndRejections (internal/process/task_queues.js:93:5)\n    at async C:\\Users\\USER\\Desktop\\home\\port2\\port\\node_modules\\sequelize\\lib\\sequelize.js:619:16\n    at async Object.get (C:\\Users\\USER\\Desktop\\home\\port2\\port\\models\\file_upload.js:77:17)\n    at async C:\\Users\\USER\\Desktop\\home\\port2\\port\\routes\\file.js:64:18"}
{"level":"info","message":"[20:56:23]데이터베이스 연결 성공"}
{"level":"info","message":"[20:56:27]데이터베이스 연결 성공"}
{"level":"info","message":"[20:56:31]데이터베이스 연결 성공"}
{"level":"error","message":"[20:56:55]SequelizeDatabaseError: Table 'fly_go.filedata' doesn't exist\n    at Query.formatError (C:\\Users\\USER\\Desktop\\home\\port2\\port\\node_modules\\sequelize\\lib\\dialects\\mysql\\query.js:265:16)\n    at Query.run (C:\\Users\\USER\\Desktop\\home\\port2\\port\\node_modules\\sequelize\\lib\\dialects\\mysql\\query.js:77:18)\n    at processTicksAndRejections (internal/process/task_queues.js:93:5)\n    at async C:\\Users\\USER\\Desktop\\home\\port2\\port\\node_modules\\sequelize\\lib\\sequelize.js:619:16\n    at async Object.finish (C:\\Users\\USER\\Desktop\\home\\port2\\port\\models\\file_upload.js:144:4)\n    at async C:\\Users\\USER\\Desktop\\home\\port2\\port\\routes\\file.js:61:3"}
{"level":"error","message":"[20:56:55]SequelizeDatabaseError: Table 'fly_go.filedata' doesn't exist\n    at Query.formatError (C:\\Users\\USER\\Desktop\\home\\port2\\port\\node_modules\\sequelize\\lib\\dialects\\mysql\\query.js:265:16)\n    at Query.run (C:\\Users\\USER\\Desktop\\home\\port2\\port\\node_modules\\sequelize\\lib\\dialects\\mysql\\query.js:77:18)\n    at processTicksAndRejections (internal/process/task_queues.js:93:5)\n    at async C:\\Users\\USER\\Desktop\\home\\port2\\port\\node_modules\\sequelize\\lib\\sequelize.js:619:16\n    at async Object.get (C:\\Users\\USER\\Desktop\\home\\port2\\port\\models\\file_upload.js:77:17)\n    at async C:\\Users\\USER\\Desktop\\home\\port2\\port\\routes\\file.js:64:18"}
{"level":"info","message":"[20:57:27]데이터베이스 연결 성공"}
{"level":"info","message":"[20:57:35]데이터베이스 연결 성공"}
{"level":"info","message":"[20:58:29]데이터베이스 연결 성공"}
{"level":"error","message":"[20:58:40]SequelizeDatabaseError: Table 'fly_go.filedata' doesn't exist\n    at Query.formatError (C:\\Users\\USER\\Desktop\\home\\port2\\port\\node_modules\\sequelize\\lib\\dialects\\mysql\\query.js:265:16)\n    at Query.run (C:\\Users\\USER\\Desktop\\home\\port2\\port\\node_modules\\sequelize\\lib\\dialects\\mysql\\query.js:77:18)\n    at processTicksAndRejections (internal/process/task_queues.js:93:5)\n    at async C:\\Users\\USER\\Desktop\\home\\port2\\port\\node_modules\\sequelize\\lib\\sequelize.js:619:16\n    at async Object.finish (C:\\Users\\USER\\Desktop\\home\\port2\\port\\models\\file_upload.js:144:4)\n    at async C:\\Users\\USER\\Desktop\\home\\port2\\port\\routes\\file.js:61:3"}
{"level":"error","message":"[20:58:49]SequelizeDatabaseError: Table 'fly_go.filedata' doesn't exist\n    at Query.formatError (C:\\Users\\USER\\Desktop\\home\\port2\\port\\node_modules\\sequelize\\lib\\dialects\\mysql\\query.js:265:16)\n    at Query.run (C:\\Users\\USER\\Desktop\\home\\port2\\port\\node_modules\\sequelize\\lib\\dialects\\mysql\\query.js:77:18)\n    at processTicksAndRejections (internal/process/task_queues.js:93:5)\n    at async C:\\Users\\USER\\Desktop\\home\\port2\\port\\node_modules\\sequelize\\lib\\sequelize.js:619:16\n    at async Object.finish (C:\\Users\\USER\\Desktop\\home\\port2\\port\\models\\file_upload.js:144:4)\n    at async C:\\Users\\USER\\Desktop\\home\\port2\\port\\routes\\file.js:61:3"}
{"level":"error","message":"[20:58:54]SequelizeDatabaseError: Table 'fly_go.filedata' doesn't exist\n    at Query.formatError (C:\\Users\\USER\\Desktop\\home\\port2\\port\\node_modules\\sequelize\\lib\\dialects\\mysql\\query.js:265:16)\n    at Query.run (C:\\Users\\USER\\Desktop\\home\\port2\\port\\node_modules\\sequelize\\lib\\dialects\\mysql\\query.js:77:18)\n    at processTicksAndRejections (internal/process/task_queues.js:93:5)\n    at async C:\\Users\\USER\\Desktop\\home\\port2\\port\\node_modules\\sequelize\\lib\\sequelize.js:619:16\n    at async Object.delete (C:\\Users\\USER\\Desktop\\home\\port2\\port\\models\\file_upload.js:55:4)\n    at async C:\\Users\\USER\\Desktop\\home\\port2\\port\\routes\\file.js:83:17"}
{"level":"info","message":"[21:00:35]데이터베이스 연결 성공"}
{"level":"info","message":"[21:00:57]데이터베이스 연결 성공"}
{"level":"info","message":"[21:01:17]데이터베이스 연결 성공"}
{"level":"info","message":"[21:08:25]데이터베이스 연결 성공"}
{"level":"info","message":"[21:08:41]데이터베이스 연결 성공"}
{"level":"info","message":"[21:08:43]데이터베이스 연결 성공"}
{"level":"error","message":"[21:09:07]ReferenceError: fileUpload is not defined\n    at Object.get (C:\\Users\\USER\\Desktop\\home\\port2\\port\\models\\board.js:350:22)\n    at async C:\\Users\\USER\\Desktop\\home\\port2\\port\\middlewares\\board\\post_validator.js:74:12"}
{"level":"error","message":"[21:09:07]ReferenceError: fileUpload is not defined\n    at Object.get (C:\\Users\\USER\\Desktop\\home\\port2\\port\\models\\board.js:350:22)\n    at async C:\\Users\\USER\\Desktop\\home\\port2\\port\\routes\\board.js:237:12"}
{"level":"error","message":"[21:09:14]ReferenceError: fileUpload is not defined\n    at Object.get (C:\\Users\\USER\\Desktop\\home\\port2\\port\\models\\board.js:350:22)\n    at async C:\\Users\\USER\\Desktop\\home\\port2\\port\\middlewares\\board\\post_validator.js:74:12"}
{"level":"error","message":"[21:09:14]ReferenceError: fileUpload is not defined\n    at Object.get (C:\\Users\\USER\\Desktop\\home\\port2\\port\\models\\board.js:350:22)\n    at async C:\\Users\\USER\\Desktop\\home\\port2\\port\\routes\\board.js:237:12"}
{"level":"error","message":"[21:09:36]ReferenceError: fileUpload is not defined\n    at Object.get (C:\\Users\\USER\\Desktop\\home\\port2\\port\\models\\board.js:350:22)\n    at async C:\\Users\\USER\\Desktop\\home\\port2\\port\\middlewares\\board\\post_validator.js:74:12"}
{"level":"error","message":"[21:09:36]ReferenceError: fileUpload is not defined\n    at Object.get (C:\\Users\\USER\\Desktop\\home\\port2\\port\\models\\board.js:350:22)\n    at async C:\\Users\\USER\\Desktop\\home\\port2\\port\\routes\\board.js:237:12"}
{"level":"info","message":"[21:10:08]데이터베이스 연결 성공"}
{"level":"info","message":"[21:15:08]데이터베이스 연결 성공"}
{"level":"info","message":"[21:15:37]데이터베이스 연결 성공"}
{"level":"info","message":"[21:39:41]데이터베이스 연결 성공"}
{"level":"info","message":"[21:40:46]데이터베이스 연결 성공"}
{"level":"info","message":"[21:42:11]데이터베이스 연결 성공"}
{"level":"info","message":"[21:43:39]Named parameter \":category\" has no value in the given object."}
{"level":"info","message":"[21:43:42]Named parameter \":category\" has no value in the given object."}
{"level":"info","message":"[21:44:05]Named parameter \":category\" has no value in the given object."}
{"level":"info","message":"[21:44:06]데이터베이스 연결 성공"}
{"level":"info","message":"[21:44:08]Named parameter \":category\" has no value in the given object."}
{"level":"info","message":"[21:44:10]Named parameter \":category\" has no value in the given object."}
{"level":"info","message":"[21:44:18]Named parameter \":category\" has no value in the given object."}
{"level":"info","message":"[21:44:55]데이터베이스 연결 성공"}
{"level":"info","message":"[21:45:25]데이터베이스 연결 성공"}
{"level":"info","message":"[21:49:24]데이터베이스 연결 성공"}
{"level":"info","message":"[21:50:07]데이터베이스 연결 성공"}
{"level":"info","message":"[21:51:06]데이터베이스 연결 성공"}
{"level":"info","message":"[21:51:23]데이터베이스 연결 성공"}
{"level":"info","message":"[21:52:16]데이터베이스 연결 성공"}
{"level":"info","message":"[21:55:27]데이터베이스 연결 성공"}
{"level":"info","message":"[21:55:42]데이터베이스 연결 성공"}
{"level":"info","message":"[21:58:39]데이터베이스 연결 성공"}
{"level":"info","message":"[22:00:15]데이터베이스 연결 성공"}
{"level":"info","message":"[22:04:50]데이터베이스 연결 성공"}
{"level":"info","message":"[22:05:02]데이터베이스 연결 성공"}
{"level":"info","message":"[22:05:31]데이터베이스 연결 성공"}
{"level":"info","message":"[22:06:04]데이터베이스 연결 성공"}
{"level":"info","message":"[22:06:13]데이터베이스 연결 성공"}
{"level":"info","message":"[22:06:44]데이터베이스 연결 성공"}
{"level":"info","message":"[22:06:54]데이터베이스 연결 성공"}
{"level":"info","message":"[22:07:03]데이터베이스 연결 성공"}
{"level":"info","message":"[22:07:13]데이터베이스 연결 성공"}
{"level":"info","message":"[22:07:23]데이터베이스 연결 성공"}
{"level":"info","message":"[22:07:35]데이터베이스 연결 성공"}
{"level":"error","message":"[22:07:43]GET /menu4은 없는 페이지 입니다."}
{"level":"error","message":"[22:07:43]Error: GET /menu4은 없는 페이지 입니다.\n    at C:\\Users\\USER\\Desktop\\home\\port2\\port\\app.js:100:16\n    at Layer.handle [as handle_request] (C:\\Users\\USER\\Desktop\\home\\port2\\port\\node_modules\\express\\lib\\router\\layer.js:95:5)\n    at trim_prefix (C:\\Users\\USER\\Desktop\\home\\port2\\port\\node_modules\\express\\lib\\router\\index.js:317:13)\n    at C:\\Users\\USER\\Desktop\\home\\port2\\port\\node_modules\\express\\lib\\router\\index.js:284:7\n    at Function.process_params (C:\\Users\\USER\\Desktop\\home\\port2\\port\\node_modules\\express\\lib\\router\\index.js:335:12)\n    at next (C:\\Users\\USER\\Desktop\\home\\port2\\port\\node_modules\\express\\lib\\router\\index.js:275:10)\n    at C:\\Users\\USER\\Desktop\\home\\port2\\port\\node_modules\\express\\lib\\router\\index.js:635:15\n    at next (C:\\Users\\USER\\Desktop\\home\\port2\\port\\node_modules\\express\\lib\\router\\index.js:260:14)\n    at Function.handle (C:\\Users\\USER\\Desktop\\home\\port2\\port\\node_modules\\express\\lib\\router\\index.js:174:3)\n    at router (C:\\Users\\USER\\Desktop\\home\\port2\\port\\node_modules\\express\\lib\\router\\index.js:47:12)"}
{"level":"info","message":"[22:08:21]데이터베이스 연결 성공"}
{"level":"info","message":"[22:08:25]데이터베이스 연결 성공"}
{"level":"info","message":"[22:08:33]데이터베이스 연결 성공"}
{"level":"info","message":"[22:08:43]데이터베이스 연결 성공"}
{"level":"info","message":"[22:08:52]데이터베이스 연결 성공"}
{"level":"info","message":"[22:09:15]데이터베이스 연결 성공"}
